<?xml version="1.0" encoding="UTF-8"?>
<testng-results ignored="0" total="4" passed="4" failed="0" skipped="0">
  <reporter-output>
  </reporter-output>
  <suite started-at="2021-03-21T07:11:18Z" name="search-module" finished-at="2021-03-21T07:11:40Z" duration-ms="21712">
    <groups>
    </groups>
    <test started-at="2021-03-21T07:11:18Z" name="search-test-java" finished-at="2021-03-21T07:11:28Z" duration-ms="9946">
      <class name="com.searchmodule.tests.SearchTest">
        <test-method is-config="true" signature="setupDriver(org.testng.ITestContext)[pri:0, instance:com.searchmodule.tests.SearchTest@4988d8b8]" started-at="2021-03-21T07:11:18Z" name="setupDriver" finished-at="2021-03-21T07:11:19Z" duration-ms="1091" status="PASS">
          <params>
            <param index="0">
              <value>
                <![CDATA[org.testng.TestRunner@3ff57625]]>
              </value>
            </param>
          </params>
          <reporter-output>
          </reporter-output>
        </test-method> <!-- setupDriver -->
        <test-method signature="search(java.lang.String)[pri:0, instance:com.searchmodule.tests.SearchTest@4988d8b8]" started-at="2021-03-21T07:11:19Z" name="search" finished-at="2021-03-21T07:11:28Z" duration-ms="8771" status="PASS">
          <params>
            <param index="0">
              <value>
                <![CDATA[java]]>
              </value>
            </param>
          </params>
          <reporter-output>
          </reporter-output>
        </test-method> <!-- search -->
        <test-method is-config="true" signature="quitDriver()[pri:0, instance:com.searchmodule.tests.SearchTest@4988d8b8]" started-at="2021-03-21T07:11:28Z" name="quitDriver" finished-at="2021-03-21T07:11:28Z" duration-ms="64" status="PASS">
          <reporter-output>
          </reporter-output>
        </test-method> <!-- quitDriver -->
      </class> <!-- com.searchmodule.tests.SearchTest -->
    </test> <!-- search-test-java -->
    <test started-at="2021-03-21T07:11:28Z" name="search-test-webdriver" finished-at="2021-03-21T07:11:31Z" duration-ms="3507">
      <class name="com.searchmodule.tests.SearchTest">
        <test-method is-config="true" signature="setupDriver(org.testng.ITestContext)[pri:0, instance:com.searchmodule.tests.SearchTest@6aaceffd]" started-at="2021-03-21T07:11:28Z" name="setupDriver" finished-at="2021-03-21T07:11:28Z" duration-ms="352" status="PASS">
          <params>
            <param index="0">
              <value>
                <![CDATA[org.testng.TestRunner@77128dab]]>
              </value>
            </param>
          </params>
          <reporter-output>
          </reporter-output>
        </test-method> <!-- setupDriver -->
        <test-method signature="search(java.lang.String)[pri:0, instance:com.searchmodule.tests.SearchTest@6aaceffd]" started-at="2021-03-21T07:11:28Z" name="search" finished-at="2021-03-21T07:11:31Z" duration-ms="3088" status="PASS">
          <params>
            <param index="0">
              <value>
                <![CDATA[webdriver]]>
              </value>
            </param>
          </params>
          <reporter-output>
          </reporter-output>
        </test-method> <!-- search -->
        <test-method is-config="true" signature="quitDriver()[pri:0, instance:com.searchmodule.tests.SearchTest@6aaceffd]" started-at="2021-03-21T07:11:31Z" name="quitDriver" finished-at="2021-03-21T07:11:31Z" duration-ms="63" status="PASS">
          <reporter-output>
          </reporter-output>
        </test-method> <!-- quitDriver -->
      </class> <!-- com.searchmodule.tests.SearchTest -->
    </test> <!-- search-test-webdriver -->
    <test started-at="2021-03-21T07:11:31Z" name="search-test-docker" finished-at="2021-03-21T07:11:36Z" duration-ms="4134">
      <class name="com.searchmodule.tests.SearchTest">
        <test-method is-config="true" signature="setupDriver(org.testng.ITestContext)[pri:0, instance:com.searchmodule.tests.SearchTest@38102d01]" started-at="2021-03-21T07:11:31Z" name="setupDriver" finished-at="2021-03-21T07:11:32Z" duration-ms="394" status="PASS">
          <params>
            <param index="0">
              <value>
                <![CDATA[org.testng.TestRunner@63429932]]>
              </value>
            </param>
          </params>
          <reporter-output>
          </reporter-output>
        </test-method> <!-- setupDriver -->
        <test-method signature="search(java.lang.String)[pri:0, instance:com.searchmodule.tests.SearchTest@38102d01]" started-at="2021-03-21T07:11:32Z" name="search" finished-at="2021-03-21T07:11:35Z" duration-ms="3672" status="PASS">
          <params>
            <param index="0">
              <value>
                <![CDATA[docker]]>
              </value>
            </param>
          </params>
          <reporter-output>
          </reporter-output>
        </test-method> <!-- search -->
        <test-method is-config="true" signature="quitDriver()[pri:0, instance:com.searchmodule.tests.SearchTest@38102d01]" started-at="2021-03-21T07:11:35Z" name="quitDriver" finished-at="2021-03-21T07:11:36Z" duration-ms="65" status="PASS">
          <reporter-output>
          </reporter-output>
        </test-method> <!-- quitDriver -->
      </class> <!-- com.searchmodule.tests.SearchTest -->
    </test> <!-- search-test-docker -->
    <test started-at="2021-03-21T07:11:36Z" name="search-test-kubernetes" finished-at="2021-03-21T07:11:40Z" duration-ms="4051">
      <class name="com.searchmodule.tests.SearchTest">
        <test-method is-config="true" signature="setupDriver(org.testng.ITestContext)[pri:0, instance:com.searchmodule.tests.SearchTest@58ea606c]" started-at="2021-03-21T07:11:36Z" name="setupDriver" finished-at="2021-03-21T07:11:36Z" duration-ms="411" status="PASS">
          <params>
            <param index="0">
              <value>
                <![CDATA[org.testng.TestRunner@69ce2f62]]>
              </value>
            </param>
          </params>
          <reporter-output>
          </reporter-output>
        </test-method> <!-- setupDriver -->
        <test-method signature="search(java.lang.String)[pri:0, instance:com.searchmodule.tests.SearchTest@58ea606c]" started-at="2021-03-21T07:11:36Z" name="search" finished-at="2021-03-21T07:11:40Z" duration-ms="3573" status="PASS">
          <params>
            <param index="0">
              <value>
                <![CDATA[kubernetes]]>
              </value>
            </param>
          </params>
          <reporter-output>
          </reporter-output>
        </test-method> <!-- search -->
        <test-method is-config="true" signature="quitDriver()[pri:0, instance:com.searchmodule.tests.SearchTest@58ea606c]" started-at="2021-03-21T07:11:40Z" name="quitDriver" finished-at="2021-03-21T07:11:40Z" duration-ms="64" status="PASS">
          <reporter-output>
          </reporter-output>
        </test-method> <!-- quitDriver -->
      </class> <!-- com.searchmodule.tests.SearchTest -->
    </test> <!-- search-test-kubernetes -->
  </suite> <!-- search-module -->
</testng-results>
