<?xml version="1.0" encoding="UTF-8"?>
<!-- Generated by org.testng.reporters.JUnitXMLReporter -->
<testsuite ignored="0" hostname="LAPTOP-2FQ2EUQI" failures="0" tests="5" name="book-flight-2" time="10.999" errors="0" timestamp="21 Mar 2021 06:05:58 GMT">
  <testcase classname="com.newtours.tests.BookFlightTest" name="registrationPage" time="7.124"/>
  <testcase classname="com.newtours.tests.BookFlightTest" name="registrationConfirmationPage" time="0.262"/>
  <testcase classname="com.newtours.tests.BookFlightTest" name="flightDetailsPage" time="1.546"/>
  <testcase classname="com.newtours.tests.BookFlightTest" name="findFlightPage" time="0.373"/>
  <testcase classname="com.newtours.tests.BookFlightTest" name="flightConfirmationPage" time="0.281"/>
</testsuite> <!-- book-flight-2 -->
