<?xml version="1.0" encoding="UTF-8"?>
<!-- Generated by org.testng.reporters.JUnitXMLReporter -->
<testsuite ignored="0" hostname="LAPTOP-2FQ2EUQI" failures="0" tests="5" name="book-flight-3" time="9.036" errors="0" timestamp="21 Mar 2021 06:06:07 GMT">
  <testcase classname="com.newtours.tests.BookFlightTest" name="registrationPage" time="6.006"/>
  <testcase classname="com.newtours.tests.BookFlightTest" name="registrationConfirmationPage" time="0.141"/>
  <testcase classname="com.newtours.tests.BookFlightTest" name="flightDetailsPage" time="1.516"/>
  <testcase classname="com.newtours.tests.BookFlightTest" name="findFlightPage" time="0.344"/>
  <testcase classname="com.newtours.tests.BookFlightTest" name="flightConfirmationPage" time="0.276"/>
</testsuite> <!-- book-flight-3 -->
