<?xml version="1.0" encoding="UTF-8"?>
<!-- Generated by org.testng.reporters.JUnitXMLReporter -->
<testsuite ignored="0" hostname="LAPTOP-2FQ2EUQI" failures="0" tests="5" name="book-flight-1" time="18.163" errors="0" timestamp="21 Mar 2021 06:05:47 GMT">
  <testcase classname="com.newtours.tests.BookFlightTest" name="registrationPage" time="10.76"/>
  <testcase classname="com.newtours.tests.BookFlightTest" name="registrationConfirmationPage" time="0.261"/>
  <testcase classname="com.newtours.tests.BookFlightTest" name="flightDetailsPage" time="1.815"/>
  <testcase classname="com.newtours.tests.BookFlightTest" name="findFlightPage" time="0.535"/>
  <testcase classname="com.newtours.tests.BookFlightTest" name="flightConfirmationPage" time="0.304"/>
</testsuite> <!-- book-flight-1 -->
